ARM GAS  C:\Users\Anselm\AppData\Local\Temp\ccYc29rP.s 			page 1


   1              		.syntax unified
   2              		.cpu cortex-m0
   3              		.fpu softvfp
   4              		.eabi_attribute 20, 1
   5              		.eabi_attribute 21, 1
   6              		.eabi_attribute 23, 3
   7              		.eabi_attribute 24, 1
   8              		.eabi_attribute 25, 1
   9              		.eabi_attribute 26, 1
  10              		.eabi_attribute 30, 1
  11              		.eabi_attribute 34, 0
  12              		.eabi_attribute 18, 4
  13              		.thumb
  14              		.syntax unified
  15              		.file	"main.c"
  16              		.text
  17              	.Ltext0:
  18              		.cfi_sections	.debug_frame
  19              		.section	.text.main,"ax",%progbits
  20              		.align	2
  21              		.global	main
  22              		.code	16
  23              		.thumb_func
  24              		.type	main, %function
  25              	main:
  26              	.LFB36:
  27              		.file 1 "main.c"
   1:main.c        **** /* ========================================
   2:main.c        ****  *
   3:main.c        ****  * Copyright YOUR COMPANY, THE YEAR
   4:main.c        ****  * All Rights Reserved
   5:main.c        ****  * UNPUBLISHED, LICENSED SOFTWARE.
   6:main.c        ****  *
   7:main.c        ****  * CONFIDENTIAL AND PROPRIETARY INFORMATION
   8:main.c        ****  * WHICH IS THE PROPERTY OF your company.
   9:main.c        ****  *
  10:main.c        ****  * ========================================
  11:main.c        **** */
  12:main.c        **** #include "project.h"
  13:main.c        **** #include <stdio.h>
  14:main.c        **** 
  15:main.c        **** int main(void)
  16:main.c        **** {
  28              		.loc 1 16 0
  29              		.cfi_startproc
  30              		@ args = 0, pretend = 0, frame = 16
  31              		@ frame_needed = 0, uses_anonymous_args = 0
  32 0000 00B5     		push	{lr}
  33              		.cfi_def_cfa_offset 4
  34              		.cfi_offset 14, -4
  35 0002 85B0     		sub	sp, sp, #20
  36              		.cfi_def_cfa_offset 24
  17:main.c        ****     uint16 sensorval;
  18:main.c        ****     char msg[10];
  19:main.c        ****     
  20:main.c        ****     CyGlobalIntEnable; /* Enable global interrupts. */
  37              		.loc 1 20 0
ARM GAS  C:\Users\Anselm\AppData\Local\Temp\ccYc29rP.s 			page 2


  38              		.syntax divided
  39              	@ 20 "main.c" 1
  40 0004 62B6     		CPSIE   i
  41              	@ 0 "" 2
  21:main.c        **** 
  22:main.c        ****     /* Place your initialization/startup code here (e.g. MyInst_Start()) */
  23:main.c        ****     UART_Start();
  42              		.loc 1 23 0
  43              		.thumb
  44              		.syntax unified
  45 0006 FFF7FEFF 		bl	UART_Start
  46              	.LVL0:
  47              	.L2:
  24:main.c        ****     
  25:main.c        ****     for(;;)
  26:main.c        ****     {
  27:main.c        ****         /* Place your application code here. */
  28:main.c        ****         sensorval = Pin_Moisture_Sensor_Read();
  48              		.loc 1 28 0 discriminator 1
  49 000a FFF7FEFF 		bl	Pin_Moisture_Sensor_Read
  50              	.LVL1:
  51 000e 0200     		movs	r2, r0
  52              	.LVL2:
  29:main.c        ****         sprintf(msg, "%3d\r\n", sensorval);
  53              		.loc 1 29 0 discriminator 1
  54 0010 0549     		ldr	r1, .L3
  55 0012 01A8     		add	r0, sp, #4
  56 0014 FFF7FEFF 		bl	sprintf
  57              	.LVL3:
  30:main.c        ****         UART_UartPutString(msg);
  58              		.loc 1 30 0 discriminator 1
  59 0018 01A8     		add	r0, sp, #4
  60 001a FFF7FEFF 		bl	UART_UartPutString
  61              	.LVL4:
  31:main.c        ****         CyDelay(500);
  62              		.loc 1 31 0 discriminator 1
  63 001e FA20     		movs	r0, #250
  64 0020 4000     		lsls	r0, r0, #1
  65 0022 FFF7FEFF 		bl	CyDelay
  66              	.LVL5:
  67 0026 F0E7     		b	.L2
  68              	.L4:
  69              		.align	2
  70              	.L3:
  71 0028 00000000 		.word	.LC0
  72              		.cfi_endproc
  73              	.LFE36:
  74              		.size	main, .-main
  75              		.section	.rodata.str1.4,"aMS",%progbits,1
  76              		.align	2
  77              	.LC0:
  78 0000 2533640D 		.ascii	"%3d\015\012\000"
  78      0A00
  79              		.text
  80              	.Letext0:
  81              		.file 2 "Generated_Source\\PSoC4/UART.h"
  82              		.file 3 "Generated_Source\\PSoC4/Pin_Moisture_Sensor.h"
ARM GAS  C:\Users\Anselm\AppData\Local\Temp\ccYc29rP.s 			page 3


  83              		.file 4 "c:\\program files (x86)\\cypress\\psoc creator\\4.1\\psoc creator\\import\\gnu\\arm\\5.4.
  84              		.file 5 "Generated_Source\\PSoC4/UART_SPI_UART.h"
  85              		.file 6 "Generated_Source\\PSoC4/CyLib.h"
  86              		.file 7 "Generated_Source\\PSoC4/cytypes.h"
  87              		.section	.debug_info,"",%progbits
  88              	.Ldebug_info0:
  89 0000 6A010000 		.4byte	0x16a
  90 0004 0400     		.2byte	0x4
  91 0006 00000000 		.4byte	.Ldebug_abbrev0
  92 000a 04       		.byte	0x4
  93 000b 01       		.uleb128 0x1
  94 000c 0F010000 		.4byte	.LASF20
  95 0010 0C       		.byte	0xc
  96 0011 79000000 		.4byte	.LASF21
  97 0015 1B000000 		.4byte	.LASF22
  98 0019 00000000 		.4byte	.Ldebug_ranges0+0
  99 001d 00000000 		.4byte	0
 100 0021 00000000 		.4byte	.Ldebug_line0
 101 0025 02       		.uleb128 0x2
 102 0026 01       		.byte	0x1
 103 0027 06       		.byte	0x6
 104 0028 B0010000 		.4byte	.LASF0
 105 002c 02       		.uleb128 0x2
 106 002d 01       		.byte	0x1
 107 002e 08       		.byte	0x8
 108 002f E2000000 		.4byte	.LASF1
 109 0033 02       		.uleb128 0x2
 110 0034 02       		.byte	0x2
 111 0035 05       		.byte	0x5
 112 0036 CE010000 		.4byte	.LASF2
 113 003a 02       		.uleb128 0x2
 114 003b 02       		.byte	0x2
 115 003c 07       		.byte	0x7
 116 003d 9D010000 		.4byte	.LASF3
 117 0041 02       		.uleb128 0x2
 118 0042 04       		.byte	0x4
 119 0043 05       		.byte	0x5
 120 0044 FF000000 		.4byte	.LASF4
 121 0048 02       		.uleb128 0x2
 122 0049 04       		.byte	0x4
 123 004a 07       		.byte	0x7
 124 004b 95000000 		.4byte	.LASF5
 125 004f 02       		.uleb128 0x2
 126 0050 08       		.byte	0x8
 127 0051 05       		.byte	0x5
 128 0052 00000000 		.4byte	.LASF6
 129 0056 02       		.uleb128 0x2
 130 0057 08       		.byte	0x8
 131 0058 07       		.byte	0x7
 132 0059 A7000000 		.4byte	.LASF7
 133 005d 03       		.uleb128 0x3
 134 005e 04       		.byte	0x4
 135 005f 05       		.byte	0x5
 136 0060 696E7400 		.ascii	"int\000"
 137 0064 02       		.uleb128 0x2
 138 0065 04       		.byte	0x4
 139 0066 07       		.byte	0x7
ARM GAS  C:\Users\Anselm\AppData\Local\Temp\ccYc29rP.s 			page 4


 140 0067 0E000000 		.4byte	.LASF8
 141 006b 04       		.uleb128 0x4
 142 006c D8010000 		.4byte	.LASF23
 143 0070 07       		.byte	0x7
 144 0071 D301     		.2byte	0x1d3
 145 0073 3A000000 		.4byte	0x3a
 146 0077 02       		.uleb128 0x2
 147 0078 04       		.byte	0x4
 148 0079 04       		.byte	0x4
 149 007a C8010000 		.4byte	.LASF9
 150 007e 02       		.uleb128 0x2
 151 007f 08       		.byte	0x8
 152 0080 04       		.byte	0x4
 153 0081 08010000 		.4byte	.LASF10
 154 0085 02       		.uleb128 0x2
 155 0086 01       		.byte	0x1
 156 0087 08       		.byte	0x8
 157 0088 F0000000 		.4byte	.LASF11
 158 008c 02       		.uleb128 0x2
 159 008d 08       		.byte	0x8
 160 008e 04       		.byte	0x4
 161 008f BC010000 		.4byte	.LASF12
 162 0093 02       		.uleb128 0x2
 163 0094 04       		.byte	0x4
 164 0095 07       		.byte	0x7
 165 0096 F2010000 		.4byte	.LASF13
 166 009a 05       		.uleb128 0x5
 167 009b 80000000 		.4byte	.LASF24
 168 009f 01       		.byte	0x1
 169 00a0 0F       		.byte	0xf
 170 00a1 5D000000 		.4byte	0x5d
 171 00a5 00000000 		.4byte	.LFB36
 172 00a9 2C000000 		.4byte	.LFE36-.LFB36
 173 00ad 01       		.uleb128 0x1
 174 00ae 9C       		.byte	0x9c
 175 00af 25010000 		.4byte	0x125
 176 00b3 06       		.uleb128 0x6
 177 00b4 F5000000 		.4byte	.LASF14
 178 00b8 01       		.byte	0x1
 179 00b9 11       		.byte	0x11
 180 00ba 6B000000 		.4byte	0x6b
 181 00be 00000000 		.4byte	.LLST0
 182 00c2 07       		.uleb128 0x7
 183 00c3 6D736700 		.ascii	"msg\000"
 184 00c7 01       		.byte	0x1
 185 00c8 12       		.byte	0x12
 186 00c9 25010000 		.4byte	0x125
 187 00cd 02       		.uleb128 0x2
 188 00ce 91       		.byte	0x91
 189 00cf 6C       		.sleb128 -20
 190 00d0 08       		.uleb128 0x8
 191 00d1 0A000000 		.4byte	.LVL0
 192 00d5 35010000 		.4byte	0x135
 193 00d9 08       		.uleb128 0x8
 194 00da 0E000000 		.4byte	.LVL1
 195 00de 40010000 		.4byte	0x140
 196 00e2 09       		.uleb128 0x9
ARM GAS  C:\Users\Anselm\AppData\Local\Temp\ccYc29rP.s 			page 5


 197 00e3 18000000 		.4byte	.LVL3
 198 00e7 4B010000 		.4byte	0x14b
 199 00eb FF000000 		.4byte	0xff
 200 00ef 0A       		.uleb128 0xa
 201 00f0 01       		.uleb128 0x1
 202 00f1 50       		.byte	0x50
 203 00f2 02       		.uleb128 0x2
 204 00f3 91       		.byte	0x91
 205 00f4 6C       		.sleb128 -20
 206 00f5 0A       		.uleb128 0xa
 207 00f6 01       		.uleb128 0x1
 208 00f7 51       		.byte	0x51
 209 00f8 05       		.uleb128 0x5
 210 00f9 03       		.byte	0x3
 211 00fa 00000000 		.4byte	.LC0
 212 00fe 00       		.byte	0
 213 00ff 09       		.uleb128 0x9
 214 0100 1E000000 		.4byte	.LVL4
 215 0104 56010000 		.4byte	0x156
 216 0108 13010000 		.4byte	0x113
 217 010c 0A       		.uleb128 0xa
 218 010d 01       		.uleb128 0x1
 219 010e 50       		.byte	0x50
 220 010f 02       		.uleb128 0x2
 221 0110 91       		.byte	0x91
 222 0111 6C       		.sleb128 -20
 223 0112 00       		.byte	0
 224 0113 0B       		.uleb128 0xb
 225 0114 26000000 		.4byte	.LVL5
 226 0118 62010000 		.4byte	0x162
 227 011c 0A       		.uleb128 0xa
 228 011d 01       		.uleb128 0x1
 229 011e 50       		.byte	0x50
 230 011f 03       		.uleb128 0x3
 231 0120 0A       		.byte	0xa
 232 0121 F401     		.2byte	0x1f4
 233 0123 00       		.byte	0
 234 0124 00       		.byte	0
 235 0125 0C       		.uleb128 0xc
 236 0126 85000000 		.4byte	0x85
 237 012a 35010000 		.4byte	0x135
 238 012e 0D       		.uleb128 0xd
 239 012f 93000000 		.4byte	0x93
 240 0133 09       		.byte	0x9
 241 0134 00       		.byte	0
 242 0135 0E       		.uleb128 0xe
 243 0136 D7000000 		.4byte	.LASF15
 244 013a D7000000 		.4byte	.LASF15
 245 013e 02       		.byte	0x2
 246 013f 72       		.byte	0x72
 247 0140 0E       		.uleb128 0xe
 248 0141 BE000000 		.4byte	.LASF16
 249 0145 BE000000 		.4byte	.LASF16
 250 0149 03       		.byte	0x3
 251 014a 32       		.byte	0x32
 252 014b 0E       		.uleb128 0xe
 253 014c 85000000 		.4byte	.LASF17
ARM GAS  C:\Users\Anselm\AppData\Local\Temp\ccYc29rP.s 			page 6


 254 0150 85000000 		.4byte	.LASF17
 255 0154 04       		.byte	0x4
 256 0155 E7       		.byte	0xe7
 257 0156 0F       		.uleb128 0xf
 258 0157 DF010000 		.4byte	.LASF18
 259 015b DF010000 		.4byte	.LASF18
 260 015f 05       		.byte	0x5
 261 0160 2A03     		.2byte	0x32a
 262 0162 0E       		.uleb128 0xe
 263 0163 8D000000 		.4byte	.LASF19
 264 0167 8D000000 		.4byte	.LASF19
 265 016b 06       		.byte	0x6
 266 016c D9       		.byte	0xd9
 267 016d 00       		.byte	0
 268              		.section	.debug_abbrev,"",%progbits
 269              	.Ldebug_abbrev0:
 270 0000 01       		.uleb128 0x1
 271 0001 11       		.uleb128 0x11
 272 0002 01       		.byte	0x1
 273 0003 25       		.uleb128 0x25
 274 0004 0E       		.uleb128 0xe
 275 0005 13       		.uleb128 0x13
 276 0006 0B       		.uleb128 0xb
 277 0007 03       		.uleb128 0x3
 278 0008 0E       		.uleb128 0xe
 279 0009 1B       		.uleb128 0x1b
 280 000a 0E       		.uleb128 0xe
 281 000b 55       		.uleb128 0x55
 282 000c 17       		.uleb128 0x17
 283 000d 11       		.uleb128 0x11
 284 000e 01       		.uleb128 0x1
 285 000f 10       		.uleb128 0x10
 286 0010 17       		.uleb128 0x17
 287 0011 00       		.byte	0
 288 0012 00       		.byte	0
 289 0013 02       		.uleb128 0x2
 290 0014 24       		.uleb128 0x24
 291 0015 00       		.byte	0
 292 0016 0B       		.uleb128 0xb
 293 0017 0B       		.uleb128 0xb
 294 0018 3E       		.uleb128 0x3e
 295 0019 0B       		.uleb128 0xb
 296 001a 03       		.uleb128 0x3
 297 001b 0E       		.uleb128 0xe
 298 001c 00       		.byte	0
 299 001d 00       		.byte	0
 300 001e 03       		.uleb128 0x3
 301 001f 24       		.uleb128 0x24
 302 0020 00       		.byte	0
 303 0021 0B       		.uleb128 0xb
 304 0022 0B       		.uleb128 0xb
 305 0023 3E       		.uleb128 0x3e
 306 0024 0B       		.uleb128 0xb
 307 0025 03       		.uleb128 0x3
 308 0026 08       		.uleb128 0x8
 309 0027 00       		.byte	0
 310 0028 00       		.byte	0
ARM GAS  C:\Users\Anselm\AppData\Local\Temp\ccYc29rP.s 			page 7


 311 0029 04       		.uleb128 0x4
 312 002a 16       		.uleb128 0x16
 313 002b 00       		.byte	0
 314 002c 03       		.uleb128 0x3
 315 002d 0E       		.uleb128 0xe
 316 002e 3A       		.uleb128 0x3a
 317 002f 0B       		.uleb128 0xb
 318 0030 3B       		.uleb128 0x3b
 319 0031 05       		.uleb128 0x5
 320 0032 49       		.uleb128 0x49
 321 0033 13       		.uleb128 0x13
 322 0034 00       		.byte	0
 323 0035 00       		.byte	0
 324 0036 05       		.uleb128 0x5
 325 0037 2E       		.uleb128 0x2e
 326 0038 01       		.byte	0x1
 327 0039 3F       		.uleb128 0x3f
 328 003a 19       		.uleb128 0x19
 329 003b 03       		.uleb128 0x3
 330 003c 0E       		.uleb128 0xe
 331 003d 3A       		.uleb128 0x3a
 332 003e 0B       		.uleb128 0xb
 333 003f 3B       		.uleb128 0x3b
 334 0040 0B       		.uleb128 0xb
 335 0041 27       		.uleb128 0x27
 336 0042 19       		.uleb128 0x19
 337 0043 49       		.uleb128 0x49
 338 0044 13       		.uleb128 0x13
 339 0045 8701     		.uleb128 0x87
 340 0047 19       		.uleb128 0x19
 341 0048 11       		.uleb128 0x11
 342 0049 01       		.uleb128 0x1
 343 004a 12       		.uleb128 0x12
 344 004b 06       		.uleb128 0x6
 345 004c 40       		.uleb128 0x40
 346 004d 18       		.uleb128 0x18
 347 004e 9742     		.uleb128 0x2117
 348 0050 19       		.uleb128 0x19
 349 0051 01       		.uleb128 0x1
 350 0052 13       		.uleb128 0x13
 351 0053 00       		.byte	0
 352 0054 00       		.byte	0
 353 0055 06       		.uleb128 0x6
 354 0056 34       		.uleb128 0x34
 355 0057 00       		.byte	0
 356 0058 03       		.uleb128 0x3
 357 0059 0E       		.uleb128 0xe
 358 005a 3A       		.uleb128 0x3a
 359 005b 0B       		.uleb128 0xb
 360 005c 3B       		.uleb128 0x3b
 361 005d 0B       		.uleb128 0xb
 362 005e 49       		.uleb128 0x49
 363 005f 13       		.uleb128 0x13
 364 0060 02       		.uleb128 0x2
 365 0061 17       		.uleb128 0x17
 366 0062 00       		.byte	0
 367 0063 00       		.byte	0
ARM GAS  C:\Users\Anselm\AppData\Local\Temp\ccYc29rP.s 			page 8


 368 0064 07       		.uleb128 0x7
 369 0065 34       		.uleb128 0x34
 370 0066 00       		.byte	0
 371 0067 03       		.uleb128 0x3
 372 0068 08       		.uleb128 0x8
 373 0069 3A       		.uleb128 0x3a
 374 006a 0B       		.uleb128 0xb
 375 006b 3B       		.uleb128 0x3b
 376 006c 0B       		.uleb128 0xb
 377 006d 49       		.uleb128 0x49
 378 006e 13       		.uleb128 0x13
 379 006f 02       		.uleb128 0x2
 380 0070 18       		.uleb128 0x18
 381 0071 00       		.byte	0
 382 0072 00       		.byte	0
 383 0073 08       		.uleb128 0x8
 384 0074 898201   		.uleb128 0x4109
 385 0077 00       		.byte	0
 386 0078 11       		.uleb128 0x11
 387 0079 01       		.uleb128 0x1
 388 007a 31       		.uleb128 0x31
 389 007b 13       		.uleb128 0x13
 390 007c 00       		.byte	0
 391 007d 00       		.byte	0
 392 007e 09       		.uleb128 0x9
 393 007f 898201   		.uleb128 0x4109
 394 0082 01       		.byte	0x1
 395 0083 11       		.uleb128 0x11
 396 0084 01       		.uleb128 0x1
 397 0085 31       		.uleb128 0x31
 398 0086 13       		.uleb128 0x13
 399 0087 01       		.uleb128 0x1
 400 0088 13       		.uleb128 0x13
 401 0089 00       		.byte	0
 402 008a 00       		.byte	0
 403 008b 0A       		.uleb128 0xa
 404 008c 8A8201   		.uleb128 0x410a
 405 008f 00       		.byte	0
 406 0090 02       		.uleb128 0x2
 407 0091 18       		.uleb128 0x18
 408 0092 9142     		.uleb128 0x2111
 409 0094 18       		.uleb128 0x18
 410 0095 00       		.byte	0
 411 0096 00       		.byte	0
 412 0097 0B       		.uleb128 0xb
 413 0098 898201   		.uleb128 0x4109
 414 009b 01       		.byte	0x1
 415 009c 11       		.uleb128 0x11
 416 009d 01       		.uleb128 0x1
 417 009e 31       		.uleb128 0x31
 418 009f 13       		.uleb128 0x13
 419 00a0 00       		.byte	0
 420 00a1 00       		.byte	0
 421 00a2 0C       		.uleb128 0xc
 422 00a3 01       		.uleb128 0x1
 423 00a4 01       		.byte	0x1
 424 00a5 49       		.uleb128 0x49
ARM GAS  C:\Users\Anselm\AppData\Local\Temp\ccYc29rP.s 			page 9


 425 00a6 13       		.uleb128 0x13
 426 00a7 01       		.uleb128 0x1
 427 00a8 13       		.uleb128 0x13
 428 00a9 00       		.byte	0
 429 00aa 00       		.byte	0
 430 00ab 0D       		.uleb128 0xd
 431 00ac 21       		.uleb128 0x21
 432 00ad 00       		.byte	0
 433 00ae 49       		.uleb128 0x49
 434 00af 13       		.uleb128 0x13
 435 00b0 2F       		.uleb128 0x2f
 436 00b1 0B       		.uleb128 0xb
 437 00b2 00       		.byte	0
 438 00b3 00       		.byte	0
 439 00b4 0E       		.uleb128 0xe
 440 00b5 2E       		.uleb128 0x2e
 441 00b6 00       		.byte	0
 442 00b7 3F       		.uleb128 0x3f
 443 00b8 19       		.uleb128 0x19
 444 00b9 3C       		.uleb128 0x3c
 445 00ba 19       		.uleb128 0x19
 446 00bb 6E       		.uleb128 0x6e
 447 00bc 0E       		.uleb128 0xe
 448 00bd 03       		.uleb128 0x3
 449 00be 0E       		.uleb128 0xe
 450 00bf 3A       		.uleb128 0x3a
 451 00c0 0B       		.uleb128 0xb
 452 00c1 3B       		.uleb128 0x3b
 453 00c2 0B       		.uleb128 0xb
 454 00c3 00       		.byte	0
 455 00c4 00       		.byte	0
 456 00c5 0F       		.uleb128 0xf
 457 00c6 2E       		.uleb128 0x2e
 458 00c7 00       		.byte	0
 459 00c8 3F       		.uleb128 0x3f
 460 00c9 19       		.uleb128 0x19
 461 00ca 3C       		.uleb128 0x3c
 462 00cb 19       		.uleb128 0x19
 463 00cc 6E       		.uleb128 0x6e
 464 00cd 0E       		.uleb128 0xe
 465 00ce 03       		.uleb128 0x3
 466 00cf 0E       		.uleb128 0xe
 467 00d0 3A       		.uleb128 0x3a
 468 00d1 0B       		.uleb128 0xb
 469 00d2 3B       		.uleb128 0x3b
 470 00d3 05       		.uleb128 0x5
 471 00d4 00       		.byte	0
 472 00d5 00       		.byte	0
 473 00d6 00       		.byte	0
 474              		.section	.debug_loc,"",%progbits
 475              	.Ldebug_loc0:
 476              	.LLST0:
 477 0000 10000000 		.4byte	.LVL2
 478 0004 17000000 		.4byte	.LVL3-1
 479 0008 0600     		.2byte	0x6
 480 000a 72       		.byte	0x72
 481 000b 00       		.sleb128 0
ARM GAS  C:\Users\Anselm\AppData\Local\Temp\ccYc29rP.s 			page 10


 482 000c 08       		.byte	0x8
 483 000d FF       		.byte	0xff
 484 000e 1A       		.byte	0x1a
 485 000f 9F       		.byte	0x9f
 486 0010 00000000 		.4byte	0
 487 0014 00000000 		.4byte	0
 488              		.section	.debug_aranges,"",%progbits
 489 0000 1C000000 		.4byte	0x1c
 490 0004 0200     		.2byte	0x2
 491 0006 00000000 		.4byte	.Ldebug_info0
 492 000a 04       		.byte	0x4
 493 000b 00       		.byte	0
 494 000c 0000     		.2byte	0
 495 000e 0000     		.2byte	0
 496 0010 00000000 		.4byte	.LFB36
 497 0014 2C000000 		.4byte	.LFE36-.LFB36
 498 0018 00000000 		.4byte	0
 499 001c 00000000 		.4byte	0
 500              		.section	.debug_ranges,"",%progbits
 501              	.Ldebug_ranges0:
 502 0000 00000000 		.4byte	.LFB36
 503 0004 2C000000 		.4byte	.LFE36
 504 0008 00000000 		.4byte	0
 505 000c 00000000 		.4byte	0
 506              		.section	.debug_line,"",%progbits
 507              	.Ldebug_line0:
 508 0000 20010000 		.section	.debug_str,"MS",%progbits,1
 508      0200F500 
 508      00000201 
 508      FB0E0D00 
 508      01010101 
 509              	.LASF6:
 510 0000 6C6F6E67 		.ascii	"long long int\000"
 510      206C6F6E 
 510      6720696E 
 510      7400
 511              	.LASF8:
 512 000e 756E7369 		.ascii	"unsigned int\000"
 512      676E6564 
 512      20696E74 
 512      00
 513              	.LASF22:
 514 001b 543A5C44 		.ascii	"T:\\Dokumente\\Uni\\TUM\\6.Semester\\Embedded Syste"
 514      6F6B756D 
 514      656E7465 
 514      5C556E69 
 514      5C54554D 
 515 0049 6D735C47 		.ascii	"ms\\GreenGardening\\Greengarden\\Greengarden.cydsn\000"
 515      7265656E 
 515      47617264 
 515      656E696E 
 515      675C4772 
 516              	.LASF21:
 517 0079 6D61696E 		.ascii	"main.c\000"
 517      2E6300
 518              	.LASF24:
 519 0080 6D61696E 		.ascii	"main\000"
ARM GAS  C:\Users\Anselm\AppData\Local\Temp\ccYc29rP.s 			page 11


 519      00
 520              	.LASF17:
 521 0085 73707269 		.ascii	"sprintf\000"
 521      6E746600 
 522              	.LASF19:
 523 008d 43794465 		.ascii	"CyDelay\000"
 523      6C617900 
 524              	.LASF5:
 525 0095 6C6F6E67 		.ascii	"long unsigned int\000"
 525      20756E73 
 525      69676E65 
 525      6420696E 
 525      7400
 526              	.LASF7:
 527 00a7 6C6F6E67 		.ascii	"long long unsigned int\000"
 527      206C6F6E 
 527      6720756E 
 527      7369676E 
 527      65642069 
 528              	.LASF16:
 529 00be 50696E5F 		.ascii	"Pin_Moisture_Sensor_Read\000"
 529      4D6F6973 
 529      74757265 
 529      5F53656E 
 529      736F725F 
 530              	.LASF15:
 531 00d7 55415254 		.ascii	"UART_Start\000"
 531      5F537461 
 531      727400
 532              	.LASF1:
 533 00e2 756E7369 		.ascii	"unsigned char\000"
 533      676E6564 
 533      20636861 
 533      7200
 534              	.LASF11:
 535 00f0 63686172 		.ascii	"char\000"
 535      00
 536              	.LASF14:
 537 00f5 73656E73 		.ascii	"sensorval\000"
 537      6F727661 
 537      6C00
 538              	.LASF4:
 539 00ff 6C6F6E67 		.ascii	"long int\000"
 539      20696E74 
 539      00
 540              	.LASF10:
 541 0108 646F7562 		.ascii	"double\000"
 541      6C6500
 542              	.LASF20:
 543 010f 474E5520 		.ascii	"GNU C11 5.4.1 20160609 (release) [ARM/embedded-5-br"
 543      43313120 
 543      352E342E 
 543      31203230 
 543      31363036 
 544 0142 616E6368 		.ascii	"anch revision 237715] -mcpu=cortex-m0 -mthumb -g -O"
 544      20726576 
 544      6973696F 
ARM GAS  C:\Users\Anselm\AppData\Local\Temp\ccYc29rP.s 			page 12


 544      6E203233 
 544      37373135 
 545 0175 67202D66 		.ascii	"g -ffunction-sections -ffat-lto-objects\000"
 545      66756E63 
 545      74696F6E 
 545      2D736563 
 545      74696F6E 
 546              	.LASF3:
 547 019d 73686F72 		.ascii	"short unsigned int\000"
 547      7420756E 
 547      7369676E 
 547      65642069 
 547      6E7400
 548              	.LASF0:
 549 01b0 7369676E 		.ascii	"signed char\000"
 549      65642063 
 549      68617200 
 550              	.LASF12:
 551 01bc 6C6F6E67 		.ascii	"long double\000"
 551      20646F75 
 551      626C6500 
 552              	.LASF9:
 553 01c8 666C6F61 		.ascii	"float\000"
 553      7400
 554              	.LASF2:
 555 01ce 73686F72 		.ascii	"short int\000"
 555      7420696E 
 555      7400
 556              	.LASF23:
 557 01d8 75696E74 		.ascii	"uint16\000"
 557      313600
 558              	.LASF18:
 559 01df 55415254 		.ascii	"UART_UartPutString\000"
 559      5F556172 
 559      74507574 
 559      53747269 
 559      6E6700
 560              	.LASF13:
 561 01f2 73697A65 		.ascii	"sizetype\000"
 561      74797065 
 561      00
 562              		.ident	"GCC: (GNU Tools for ARM Embedded Processors) 5.4.1 20160609 (release) [ARM/embedded-5-bran
